<?xml version="1.0" encoding="UTF-8"?>
<!-- Generated by org.testng.reporters.JUnitReportReporter -->
<testsuite skipped="0" hostname="venkat" name="com.test.DropDownTest" tests="1" failures="0" timestamp="2020-09-26T17:39:10 IST" time="16.651" errors="0">
  <testcase name="multiplesSelect" time="16.651" classname="com.test.DropDownTest"/>
</testsuite> <!-- com.test.DropDownTest -->
