<?xml version="1.0" encoding="UTF-8"?>
<!-- Generated by org.testng.reporters.JUnitReportReporter -->
<testsuite skipped="0" hostname="venkat" name="com.test.DataDrivenTest001" tests="8" failures="0" timestamp="2020-11-23T20:05:42 IST" time="101.269" errors="0">
  <testcase name="setDataFeilds" time="12.732" classname="com.test.DataDrivenTest001"/>
  <testcase name="setDataFeilds" time="12.688" classname="com.test.DataDrivenTest001"/>
  <testcase name="setDataFeilds" time="12.742" classname="com.test.DataDrivenTest001"/>
  <testcase name="setDataFeilds" time="12.533" classname="com.test.DataDrivenTest001"/>
  <testcase name="setDataFeilds" time="12.607" classname="com.test.DataDrivenTest001"/>
  <testcase name="setDataFeilds" time="12.611" classname="com.test.DataDrivenTest001"/>
  <testcase name="setDataFeilds" time="12.601" classname="com.test.DataDrivenTest001"/>
  <testcase name="setDataFeilds" time="12.755" classname="com.test.DataDrivenTest001"/>
</testsuite> <!-- com.test.DataDrivenTest001 -->
