<?xml version="1.0" encoding="UTF-8"?>
<!-- Generated by org.testng.reporters.JUnitReportReporter -->
<testsuite skipped="0" hostname="venkat" name="TestNgPra" tests="30" failures="0" timestamp="2020-09-07T09:29:30 IST" time="0.092" errors="0">
  <testcase name="test001" time="0.010" classname="TestNgPra"/>
  <testcase name="test002" time="0.010" classname="TestNgPra"/>
  <testcase name="test003" time="0.003" classname="TestNgPra"/>
  <testcase name="test004" time="0.001" classname="TestNgPra"/>
  <testcase name="test005" time="0.003" classname="TestNgPra"/>
  <testcase name="test006" time="0.001" classname="TestNgPra"/>
  <testcase name="test007" time="0.003" classname="TestNgPra"/>
  <testcase name="test008" time="0.004" classname="TestNgPra"/>
  <testcase name="test009" time="0.002" classname="TestNgPra"/>
  <testcase name="test010" time="0.004" classname="TestNgPra"/>
  <testcase name="test011" time="0.001" classname="TestNgPra"/>
  <testcase name="test012" time="0.003" classname="TestNgPra"/>
  <testcase name="test013" time="0.004" classname="TestNgPra"/>
  <testcase name="test014" time="0.003" classname="TestNgPra"/>
  <testcase name="test015" time="0.003" classname="TestNgPra"/>
  <testcase name="test016" time="0.003" classname="TestNgPra"/>
  <testcase name="test017" time="0.002" classname="TestNgPra"/>
  <testcase name="test018" time="0.003" classname="TestNgPra"/>
  <testcase name="test019" time="0.002" classname="TestNgPra"/>
  <testcase name="test020" time="0.004" classname="TestNgPra"/>
  <testcase name="test021" time="0.002" classname="TestNgPra"/>
  <testcase name="test022" time="0.002" classname="TestNgPra"/>
  <testcase name="test023" time="0.002" classname="TestNgPra"/>
  <testcase name="test024" time="0.004" classname="TestNgPra"/>
  <testcase name="test025" time="0.001" classname="TestNgPra"/>
  <testcase name="test026" time="0.006" classname="TestNgPra"/>
  <testcase name="test027" time="0.001" classname="TestNgPra"/>
  <testcase name="test028" time="0.001" classname="TestNgPra"/>
  <testcase name="test029" time="0.003" classname="TestNgPra"/>
  <testcase name="test030" time="0.001" classname="TestNgPra"/>
</testsuite> <!-- TestNgPra -->
