<?xml version="1.0" encoding="UTF-8"?>
<!-- Generated by org.testng.reporters.JUnitReportReporter -->
<testsuite skipped="0" hostname="venkat" name="com.test.TakesScreenshotExample" tests="1" failures="0" timestamp="2020-09-09T11:34:34 IST" time="4.849" errors="0">
  <testcase name="test100" time="4.849" classname="com.test.TakesScreenshotExample"/>
</testsuite> <!-- com.test.TakesScreenshotExample -->
